0 info it worked if it ends with ok
1 verbose cli [ '/opt/rh/rh-nodejs6/root/usr/bin/node',
1 verbose cli   '/opt/rh/rh-nodejs6/root/usr/bin/npm',
1 verbose cli   'start' ]
2 info using npm@3.10.9
3 info using node@v6.11.3
4 verbose run-script [ 'prestart', 'start', 'poststart' ]
5 info lifecycle lt-server@1.0.0~prestart: lt-server@1.0.0
6 silly lifecycle lt-server@1.0.0~prestart: no script for prestart, continuing
7 info lifecycle lt-server@1.0.0~start: lt-server@1.0.0
8 verbose lifecycle lt-server@1.0.0~start: unsafe-perm in lifecycle true
9 verbose lifecycle lt-server@1.0.0~start: PATH: /opt/rh/rh-nodejs6/root/usr/lib/node_modules/npm/bin/node-gyp-bin:/home/a0196269/domains/lt-admin.uxp.ru/public_html/node_modules/.bin:/opt/rh/rh-nodejs6/root/usr/bin:/opt/rh/rh-nodejs8/root/usr/bin:/opt/rh/python27/root/usr/bin:/opt/rh/rh-python36/root/usr/bin:/usr/local/bin:/usr/bin:/bin:/usr/local/sbin:/usr/sbin:/home/a0196269/.local/bin:/home/a0196269/bin
10 verbose lifecycle lt-server@1.0.0~start: CWD: /home/a0196269/domains/lt-admin.uxp.ru/public_html
11 silly lifecycle lt-server@1.0.0~start: Args: [ '-c', 'node server.js' ]
12 silly lifecycle lt-server@1.0.0~start: Returned: code: 1  signal: null
13 info lifecycle lt-server@1.0.0~start: Failed to exec start script
14 verbose stack Error: lt-server@1.0.0 start: `node server.js`
14 verbose stack Exit status 1
14 verbose stack     at EventEmitter.<anonymous> (/opt/rh/rh-nodejs6/root/usr/lib/node_modules/npm/lib/utils/lifecycle.js:255:16)
14 verbose stack     at emitTwo (events.js:106:13)
14 verbose stack     at EventEmitter.emit (events.js:191:7)
14 verbose stack     at ChildProcess.<anonymous> (/opt/rh/rh-nodejs6/root/usr/lib/node_modules/npm/lib/utils/spawn.js:40:14)
14 verbose stack     at emitTwo (events.js:106:13)
14 verbose stack     at ChildProcess.emit (events.js:191:7)
14 verbose stack     at maybeClose (internal/child_process.js:920:16)
14 verbose stack     at Process.ChildProcess._handle.onexit (internal/child_process.js:230:5)
15 verbose pkgid lt-server@1.0.0
16 verbose cwd /home/a0196269/domains/lt-admin.uxp.ru/public_html
17 error Linux 3.10.0-1062.4.3.el7.x86_64
18 error argv "/opt/rh/rh-nodejs6/root/usr/bin/node" "/opt/rh/rh-nodejs6/root/usr/bin/npm" "start"
19 error node v6.11.3
20 error npm  v3.10.9
21 error code ELIFECYCLE
22 error lt-server@1.0.0 start: `node server.js`
22 error Exit status 1
23 error Failed at the lt-server@1.0.0 start script 'node server.js'.
23 error Make sure you have the latest version of node.js and npm installed.
23 error If you do, this is most likely a problem with the lt-server package,
23 error not with npm itself.
23 error Tell the author that this fails on your system:
23 error     node server.js
23 error You can get information on how to open an issue for this project with:
23 error     npm bugs lt-server
23 error Or if that isn't available, you can get their info via:
23 error     npm owner ls lt-server
23 error There is likely additional logging output above.
24 verbose exit [ 1, true ]
